Build started 11/26/2013 5:12:39 PM.
     1>Project "C:\Users\Kjell\Desktop\PC\VisualStudio_CPP\DOA\doa\doa.vcxproj" on node 2 (Build target(s)).
     1>ClCompile:
         C:\Program Files (x86)\Microsoft Visual Studio 12.0\VC\bin\CL.exe /c /ZI /nologo /W3 /WX- /Od /Oy- /D _MBCS /Gm /EHsc /RTC1 /MDd /GS /fp:precise /Zc:wchar_t /Zc:forScope /Fo"Debug\\" /Fd"Debug\vc120.pdb" /Gd /TP /analyze- /errorReport:prompt example_priority_queue.cpp
         example_priority_queue.cpp
       Link:
         C:\Program Files (x86)\Microsoft Visual Studio 12.0\VC\bin\link.exe /ERRORREPORT:PROMPT /OUT:"C:\Users\Kjell\Desktop\PC\VisualStudio_CPP\DOA\Debug\doa.exe" /INCREMENTAL /NOLOGO kernel32.lib user32.lib gdi32.lib winspool.lib comdlg32.lib advapi32.lib shell32.lib ole32.lib oleaut32.lib uuid.lib odbc32.lib odbccp32.lib /MANIFEST /MANIFESTUAC:"level='asInvoker' uiAccess='false'" /manifest:embed /DEBUG /PDB:"C:\Users\Kjell\Desktop\PC\VisualStudio_CPP\DOA\Debug\doa.pdb" /TLBID:1 /DYNAMICBASE /NXCOMPAT /IMPLIB:"C:\Users\Kjell\Desktop\PC\VisualStudio_CPP\DOA\Debug\doa.lib" /MACHINE:X86 Debug\ArrayCmain.obj
         Debug\examples_tree.obj
         Debug\example_heap.obj
         Debug\example_list.obj
         Debug\example_maze.obj
         Debug\example_pqueue_maze.obj
         Debug\example_priority_queue.obj
         Debug\example_template_iterator_stack.obj
         Debug\example_thread.obj
         Debug\execution_time_power.obj
         Debug\exercise_complexity.obj
         Debug\Faculty.obj
         Debug\Fibonacci.obj
         Debug\graphs_one.obj
         Debug\graphs_three.obj
         Debug\graphs_two.obj
         Debug\main.obj
         Debug\reverse_string.obj
         Debug\Ways.obj
         doa.vcxproj -> C:\Users\Kjell\Desktop\PC\VisualStudio_CPP\DOA\Debug\doa.exe
     1>Done Building Project "C:\Users\Kjell\Desktop\PC\VisualStudio_CPP\DOA\doa\doa.vcxproj" (Build target(s)).

Build succeeded.

Time Elapsed 00:00:02.53
