c:\users\kjell\desktop\pc\visualstudio_cpp\doa\doa\debug\vc120.pdb
c:\users\kjell\desktop\pc\visualstudio_cpp\doa\doa\debug\vc120.idb
c:\users\kjell\desktop\pc\visualstudio_cpp\doa\doa\debug\arraycmain.obj
c:\users\kjell\desktop\pc\visualstudio_cpp\doa\doa\debug\examples_tree.obj
c:\users\kjell\desktop\pc\visualstudio_cpp\doa\doa\debug\example_heap.obj
c:\users\kjell\desktop\pc\visualstudio_cpp\doa\doa\debug\example_list.obj
c:\users\kjell\desktop\pc\visualstudio_cpp\doa\doa\debug\example_maze.obj
c:\users\kjell\desktop\pc\visualstudio_cpp\doa\doa\debug\example_priority_queue.obj
c:\users\kjell\desktop\pc\visualstudio_cpp\doa\doa\debug\example_template_iterator_stack.obj
c:\users\kjell\desktop\pc\visualstudio_cpp\doa\doa\debug\example_thread.obj
c:\users\kjell\desktop\pc\visualstudio_cpp\doa\doa\debug\execution_time_power.obj
c:\users\kjell\desktop\pc\visualstudio_cpp\doa\doa\debug\exercise_complexity.obj
c:\users\kjell\desktop\pc\visualstudio_cpp\doa\doa\debug\faculty.obj
c:\users\kjell\desktop\pc\visualstudio_cpp\doa\doa\debug\fibonacci.obj
c:\users\kjell\desktop\pc\visualstudio_cpp\doa\doa\debug\graphs_one.obj
c:\users\kjell\desktop\pc\visualstudio_cpp\doa\doa\debug\graphs_three.obj
c:\users\kjell\desktop\pc\visualstudio_cpp\doa\doa\debug\graphs_two.obj
c:\users\kjell\desktop\pc\visualstudio_cpp\doa\doa\debug\main.obj
c:\users\kjell\desktop\pc\visualstudio_cpp\doa\doa\debug\reverse_string.obj
c:\users\kjell\desktop\pc\visualstudio_cpp\doa\doa\debug\ways.obj
c:\users\kjell\desktop\pc\visualstudio_cpp\doa\doa\debug\example_pqueue_maze.obj
c:\users\kjell\desktop\pc\visualstudio_cpp\doa\debug\doa.ilk
c:\users\kjell\desktop\pc\visualstudio_cpp\doa\debug\doa.exe
c:\users\kjell\desktop\pc\visualstudio_cpp\doa\debug\doa.pdb
c:\users\kjell\desktop\pc\visualstudio_cpp\doa\doa\debug\doa.tlog\cl.command.1.tlog
c:\users\kjell\desktop\pc\visualstudio_cpp\doa\doa\debug\doa.tlog\cl.read.1.tlog
c:\users\kjell\desktop\pc\visualstudio_cpp\doa\doa\debug\doa.tlog\cl.write.1.tlog
c:\users\kjell\desktop\pc\visualstudio_cpp\doa\doa\debug\doa.tlog\link.command.1.tlog
c:\users\kjell\desktop\pc\visualstudio_cpp\doa\doa\debug\doa.tlog\link.read.1.tlog
c:\users\kjell\desktop\pc\visualstudio_cpp\doa\doa\debug\doa.tlog\link.write.1.tlog
