C:\USERS\KJELL\DESKTOP\PC\VISUALSTUDIO_CPP\DOA\DOA\RELEASE\WAYS.OBJ
C:\USERS\KJELL\DESKTOP\PC\VISUALSTUDIO_CPP\DOA\DOA\RELEASE\REVERSE_STRING.OBJ
C:\USERS\KJELL\DESKTOP\PC\VISUALSTUDIO_CPP\DOA\DOA\RELEASE\MAIN.OBJ
C:\USERS\KJELL\DESKTOP\PC\VISUALSTUDIO_CPP\DOA\DOA\RELEASE\FIBONACCI.OBJ
C:\USERS\KJELL\DESKTOP\PC\VISUALSTUDIO_CPP\DOA\DOA\RELEASE\FACULTY.OBJ
C:\USERS\KJELL\DESKTOP\PC\VISUALSTUDIO_CPP\DOA\DOA\RELEASE\EXERCISE_COMPLEXITY.OBJ
C:\USERS\KJELL\DESKTOP\PC\VISUALSTUDIO_CPP\DOA\DOA\RELEASE\EXECUTION_TIME_POWER.OBJ
C:\USERS\KJELL\DESKTOP\PC\VISUALSTUDIO_CPP\DOA\DOA\RELEASE\EXAMPLE_THREAD.OBJ
C:\USERS\KJELL\DESKTOP\PC\VISUALSTUDIO_CPP\DOA\DOA\RELEASE\EXAMPLE_MAZE.OBJ
C:\USERS\KJELL\DESKTOP\PC\VISUALSTUDIO_CPP\DOA\DOA\RELEASE\EXAMPLE_HEAP.OBJ
C:\USERS\KJELL\DESKTOP\PC\VISUALSTUDIO_CPP\DOA\DOA\RELEASE\EXAMPLES_TREE.OBJ
C:\USERS\KJELL\DESKTOP\PC\VISUALSTUDIO_CPP\DOA\DOA\RELEASE\ARRAYCMAIN.OBJ
C:\Users\Kjell\Desktop\PC\VisualStudio_CPP\DOA\doa\Release\ArrayCmain.obj
C:\Users\Kjell\Desktop\PC\VisualStudio_CPP\DOA\doa\Release\examples_tree.obj
C:\Users\Kjell\Desktop\PC\VisualStudio_CPP\DOA\doa\Release\example_heap.obj
C:\Users\Kjell\Desktop\PC\VisualStudio_CPP\DOA\doa\Release\example_maze.obj
C:\Users\Kjell\Desktop\PC\VisualStudio_CPP\DOA\doa\Release\example_thread.obj
C:\Users\Kjell\Desktop\PC\VisualStudio_CPP\DOA\doa\Release\execution_time_power.obj
C:\Users\Kjell\Desktop\PC\VisualStudio_CPP\DOA\doa\Release\exercise_complexity.obj
C:\Users\Kjell\Desktop\PC\VisualStudio_CPP\DOA\doa\Release\Faculty.obj
C:\Users\Kjell\Desktop\PC\VisualStudio_CPP\DOA\doa\Release\Fibonacci.obj
C:\Users\Kjell\Desktop\PC\VisualStudio_CPP\DOA\doa\Release\main.obj
C:\Users\Kjell\Desktop\PC\VisualStudio_CPP\DOA\doa\Release\reverse_string.obj
C:\Users\Kjell\Desktop\PC\VisualStudio_CPP\DOA\doa\Release\Ways.obj
C:\Users\Kjell\Desktop\PC\VisualStudio_CPP\DOA\doa\Release\cl.command.1.tlog
C:\Users\Kjell\Desktop\PC\VisualStudio_CPP\DOA\doa\Release\CL.read.1.tlog
C:\Users\Kjell\Desktop\PC\VisualStudio_CPP\DOA\doa\Release\CL.write.1.tlog
C:\Users\Kjell\Desktop\PC\VisualStudio_CPP\DOA\doa\Release\vc110.pdb
